<?xml version="1.0" encoding="UTF-8" ?>
<testsuite failures="0" time="11.896" errors="0" skipped="0" tests="21" name="com.sola.instagram.test.InstagramSessionTest">
  <properties>
[...]
</properties>
  <testcase time="1.318" classname="com.sola.instagram.test.InstagramSessionTest" name="testGetUserById"/>
  <testcase time="0.336" classname="com.sola.instagram.test.InstagramSessionTest" name="testGetRecentPublishedMedia"/>
  <testcase time="1.453" classname="com.sola.instagram.test.InstagramSessionTest" name="testGetFeed"/>
  <testcase time="0.324" classname="com.sola.instagram.test.InstagramSessionTest" name="testGetLikedMedia"/>
  <testcase time="0.218" classname="com.sola.instagram.test.InstagramSessionTest" name="testGetMedia"/>
  <testcase time="0.571" classname="com.sola.instagram.test.InstagramSessionTest" name="testSearchMedia"/>
  <testcase time="0.611" classname="com.sola.instagram.test.InstagramSessionTest" name="testGetPopularMedia"/>
  <testcase time="0.196" classname="com.sola.instagram.test.InstagramSessionTest" name="testSearchUsersByName"/>
  <testcase time="0.289" classname="com.sola.instagram.test.InstagramSessionTest" name="testGetFollows"/>
  <testcase time="0.364" classname="com.sola.instagram.test.InstagramSessionTest" name="testGetFollowers"/>
  <testcase time="0.136" classname="com.sola.instagram.test.InstagramSessionTest" name="testGetFollowRequests"/>
  <testcase time="0.18" classname="com.sola.instagram.test.InstagramSessionTest" name="testGetRelationshipWith"/>
  <testcase time="0.156" classname="com.sola.instagram.test.InstagramSessionTest" name="testModifyRelationship"/>
  <testcase time="0.735" classname="com.sola.instagram.test.InstagramSessionTest" name="testPostComment"/>
  <testcase time="0.531" classname="com.sola.instagram.test.InstagramSessionTest" name="testRemoveComment"/>
  <testcase time="1.154" classname="com.sola.instagram.test.InstagramSessionTest" name="testLikingAndUnlikingMedia"/>
  <testcase time="0.163" classname="com.sola.instagram.test.InstagramSessionTest" name="testGetTag"/>
  <testcase time="1.582" classname="com.sola.instagram.test.InstagramSessionTest" name="testGetRecentMediaForTag"/>
  <testcase time="0.164" classname="com.sola.instagram.test.InstagramSessionTest" name="testSearchTags"/>
  <testcase time="0.144" classname="com.sola.instagram.test.InstagramSessionTest" name="testGetLocation"/>
  <testcase time="1.259" classname="com.sola.instagram.test.InstagramSessionTest" name="testGetRecentMediaFromLocation"/>
</testsuite>